Using pre-set license
Built from '2020.3/staging' branch; Version is '2020.3.16f1 (049d6eca3c44) revision 302446'; Using compiler version '192528614'; Build Type 'Release'
OS: 'Windows 10 Home Single Language; OS build 19043.1237; Version 2009; 64bit' Language: 'es' Physical Memory: 16282 MB
BatchMode: 1, IsHumanControllingUs: 0, StartBugReporterOnCrash: 0, Is64bit: 1, IsPro: 0

 COMMAND LINE ARGUMENTS:
C:\Program Files\Unity_v\2020.3.16f1\Editor\Unity.exe
-adb2
-batchMode
-noUpm
-name
AssetImportWorker0
-projectPath
C:/UPN proyectos/VidAp/New Unity Project (1)
-logFile
Logs/AssetImportWorker0.log
-srvPort
63607
Successfully changed project path to: C:/UPN proyectos/VidAp/New Unity Project (1)
C:/UPN proyectos/VidAp/New Unity Project (1)
Using Asset Import Pipeline V2.
Refreshing native plugins compatible for Editor in 102.82 ms, found 3 plugins.
Preloading 0 native plugins for Editor in 0.00 ms.
Initialize engine version: 2020.3.16f1 (049d6eca3c44)
[Subsystems] Discovering subsystems at path C:/Program Files/Unity_v/2020.3.16f1/Editor/Data/Resources/UnitySubsystems
[Subsystems] Discovering subsystems at path C:/UPN proyectos/VidAp/New Unity Project (1)/Assets
GfxDevice: creating device client; threaded=0
Direct3D:
    Version:  Direct3D 11.0 [level 11.1]
    Renderer: Radeon (TM) R7 M445 (ID=0x6900)
    Vendor:   
    VRAM:     4086 MB
    Driver:   26.20.15026.1
Initialize mono
Mono path[0] = 'C:/Program Files/Unity_v/2020.3.16f1/Editor/Data/Managed'
Mono path[1] = 'C:/Program Files/Unity_v/2020.3.16f1/Editor/Data/MonoBleedingEdge/lib/mono/unityjit'
Mono config path = 'C:/Program Files/Unity_v/2020.3.16f1/Editor/Data/MonoBleedingEdge/etc'
Using monoOptions --debugger-agent=transport=dt_socket,embedding=1,server=y,suspend=n,address=127.0.0.1:56132
Begin MonoManager ReloadAssembly
Registering precompiled unity dll's ...
Register platform support module: C:/Program Files/Unity_v/2020.3.16f1/Editor/Data/PlaybackEngines/WindowsStandaloneSupport/UnityEditor.WindowsStandalone.Extensions.dll
Registered in 0.004789 seconds.
Native extension for WindowsStandalone target not found
Refreshing native plugins compatible for Editor in 202.41 ms, found 3 plugins.
Preloading 0 native plugins for Editor in 0.00 ms.
Mono: successfully reloaded assembly
- Completed reload, in  3.175 seconds
Domain Reload Profiling:
	ReloadAssembly (3176ms)
		BeginReloadAssembly (133ms)
			ExecutionOrderSort (0ms)
			DisableScriptedObjects (0ms)
			BackupInstance (0ms)
			ReleaseScriptingObjects (0ms)
			CreateAndSetChildDomain (2ms)
		EndReloadAssembly (1519ms)
			LoadAssemblies (127ms)
			RebuildTransferFunctionScriptingTraits (0ms)
			SetupTypeCache (387ms)
			ReleaseScriptCaches (0ms)
			RebuildScriptCaches (109ms)
			SetupLoadedEditorAssemblies (847ms)
				LogAssemblyErrors (0ms)
				InitializePlatformSupportModulesInManaged (47ms)
				SetLoadedEditorAssemblies (0ms)
				RefreshPlugins (203ms)
				BeforeProcessingInitializeOnLoad (43ms)
				ProcessInitializeOnLoadAttributes (426ms)
				ProcessInitializeOnLoadMethodAttributes (124ms)
				AfterProcessingInitializeOnLoad (0ms)
				EditorAssembliesLoaded (1ms)
			ExecutionOrderSort2 (0ms)
			AwakeInstancesAfterBackupRestoration (0ms)
Platform modules already initialized, skipping
Registering precompiled user dll's ...
Registered in 0.014973 seconds.
Begin MonoManager ReloadAssembly
Native extension for WindowsStandalone target not found
Refreshing native plugins compatible for Editor in 105.67 ms, found 3 plugins.
Preloading 0 native plugins for Editor in 0.00 ms.
Mono: successfully reloaded assembly
- Completed reload, in 13.406 seconds
Domain Reload Profiling:
	ReloadAssembly (13407ms)
		BeginReloadAssembly (614ms)
			ExecutionOrderSort (0ms)
			DisableScriptedObjects (21ms)
			BackupInstance (0ms)
			ReleaseScriptingObjects (0ms)
			CreateAndSetChildDomain (71ms)
		EndReloadAssembly (12466ms)
			LoadAssemblies (367ms)
			RebuildTransferFunctionScriptingTraits (0ms)
			SetupTypeCache (1202ms)
			ReleaseScriptCaches (1ms)
			RebuildScriptCaches (127ms)
			SetupLoadedEditorAssemblies (10336ms)
				LogAssemblyErrors (0ms)
				InitializePlatformSupportModulesInManaged (11ms)
				SetLoadedEditorAssemblies (0ms)
				RefreshPlugins (106ms)
				BeforeProcessingInitializeOnLoad (262ms)
				ProcessInitializeOnLoadAttributes (9916ms)
				ProcessInitializeOnLoadMethodAttributes (25ms)
				AfterProcessingInitializeOnLoad (15ms)
				EditorAssembliesLoaded (0ms)
			ExecutionOrderSort2 (0ms)
			AwakeInstancesAfterBackupRestoration (19ms)
Platform modules already initialized, skipping
========================================================================
Worker process is ready to serve import requests
Launched and connected shader compiler UnityShaderCompiler.exe after 0.09 seconds
Refreshing native plugins compatible for Editor in 0.91 ms, found 3 plugins.
Preloading 0 native plugins for Editor in 0.00 ms.
Unloading 2091 Unused Serialized files (Serialized files now loaded: 0)
System memory in use before: 93.0 MB.
System memory in use after: 93.1 MB.

Unloading 28 unused Assets to reduce memory usage. Loaded Objects now: 2528.
Total: 5.114200 ms (FindLiveObjects: 0.364200 ms CreateObjectMapping: 0.222300 ms MarkObjects: 4.443700 ms  DeleteObjects: 0.082000 ms)

AssetImportParameters requested are different than current active one (requested -> active):
  custom:framework-win-MediaFoundation: 216162199b28c13a410421893ffa2e32 -> 
  custom:video-decoder-ogg-theora: a1e56fd34408186e4bbccfd4996cb3dc -> 
  custom:container-muxer-webm: aa71ff27fc2769a1b78a27578f13a17b -> 
  custom:container-demuxer-webm: 4f35f7cbe854078d1ac9338744f61a02 -> 
  custom:container-demuxer-ogg: 62fdf1f143b41e24485cea50d1cbac27 -> 
  custom:video-encoder-webm-vp8: eb34c28f22e8b96e1ab97ce403110664 -> 
  custom:video-decoder-webm-vp8: 9c59270c3fd7afecdb556c50c9e8de78 -> 
  custom:audio-decoder-ogg-vorbis: bf7c407c2cedff20999df2af8eb42d56 -> 
  custom:audio-encoder-webm-vorbis: bf7c407c2cedff20999df2af8eb42d56 -> 
========================================================================
Received Import Request.
  path: Packages/com.unity.2d.spriteshape/Editor/ObjectMenuCreation/DefaultAssets/Sprite Shapes/Open Sprite Shape.prefab
  artifactKey: Guid(86ae7de409eb54f619fb1328e4d42480) Importer(815301076,1909f56bfc062723c751e8b465ee728b)
Start importing Packages/com.unity.2d.spriteshape/Editor/ObjectMenuCreation/DefaultAssets/Sprite Shapes/Open Sprite Shape.prefab using Guid(86ae7de409eb54f619fb1328e4d42480) Importer(815301076,1909f56bfc062723c751e8b465ee728b)  -> (artifact id: '1cd094d74455b6e3ebbdb90683f10d20') in 0.533891 seconds 
  Import took 0.549537 seconds .

========================================================================
Received Import Request.
  Time since last request: 0.000419 seconds.
  path: Packages/com.unity.2d.spriteshape/Editor/ObjectMenuCreation/DefaultAssets/Sprite Shapes/Closed Sprite Shape.prefab
  artifactKey: Guid(c0583b4e855c74b8c82e7b9b5efb5ce9) Importer(815301076,1909f56bfc062723c751e8b465ee728b)
Start importing Packages/com.unity.2d.spriteshape/Editor/ObjectMenuCreation/DefaultAssets/Sprite Shapes/Closed Sprite Shape.prefab using Guid(c0583b4e855c74b8c82e7b9b5efb5ce9) Importer(815301076,1909f56bfc062723c751e8b465ee728b)  -> (artifact id: 'c5c845828cede3f25819031102be01e1') in 0.050295 seconds 
  Import took 0.087411 seconds .

========================================================================
Received Import Request.
  Time since last request: 0.000301 seconds.
  path: Assets/Scenes
  artifactKey: Guid(2d01a24c8d0d6154e9f4b0206a55bc9d) Importer(815301076,1909f56bfc062723c751e8b465ee728b)
Start importing Assets/Scenes using Guid(2d01a24c8d0d6154e9f4b0206a55bc9d) Importer(815301076,1909f56bfc062723c751e8b465ee728b)  -> (artifact id: 'cae2060b85849067ed517ff870e05f9d') in 0.005073 seconds 
  Import took 0.011951 seconds .

========================================================================
Received Import Request.
  Time since last request: 2.904237 seconds.
  path: Assets
  artifactKey: Guid(00000000000000001000000000000000) Importer(815301076,1909f56bfc062723c751e8b465ee728b)
Start importing Assets using Guid(00000000000000001000000000000000) Importer(815301076,1909f56bfc062723c751e8b465ee728b)  -> (artifact id: '42d402b061de3733987d63b9cc3b64de') in 0.022815 seconds 
  Import took 0.029182 seconds .

========================================================================
Received Import Request.
  Time since last request: 10.438780 seconds.
  path: Assets/Sprites
  artifactKey: Guid(3a1711f795066bc4a865853189f312ca) Importer(815301076,1909f56bfc062723c751e8b465ee728b)
Start importing Assets/Sprites using Guid(3a1711f795066bc4a865853189f312ca) Importer(815301076,1909f56bfc062723c751e8b465ee728b)  -> (artifact id: 'f0229a7729a8455e83d6f5ebcc7684b8') in 0.013738 seconds 
  Import took 0.049826 seconds .

========================================================================
Received Import Request.
  Time since last request: 192.577109 seconds.
  path: Assets/Sprites/Daco_4461229.png
  artifactKey: Guid(56585f18d64eb394090ffaf2a9548eaa) Importer(815301076,1909f56bfc062723c751e8b465ee728b)
Start importing Assets/Sprites/Daco_4461229.png using Guid(56585f18d64eb394090ffaf2a9548eaa) Importer(815301076,1909f56bfc062723c751e8b465ee728b)  -> (artifact id: 'ec77911b544fb9607dcddcdbab2db059') in 0.531290 seconds 
  Import took 0.555710 seconds .

========================================================================
Received Import Request.
  Time since last request: 105.802753 seconds.
  path: Assets/Sprites/Daco_4461229.png
  artifactKey: Guid(56585f18d64eb394090ffaf2a9548eaa) Importer(815301076,1909f56bfc062723c751e8b465ee728b)
Start importing Assets/Sprites/Daco_4461229.png using Guid(56585f18d64eb394090ffaf2a9548eaa) Importer(815301076,1909f56bfc062723c751e8b465ee728b)  -> (artifact id: '8b9f16a45d65801bdfacc95f0e159b45') in 0.062217 seconds 
  Import took 0.100820 seconds .

========================================================================
Received Import Request.
  Time since last request: 289.083608 seconds.
  path: Assets/Sprites/Daco_4461229.png
  artifactKey: Guid(56585f18d64eb394090ffaf2a9548eaa) Importer(815301076,1909f56bfc062723c751e8b465ee728b)
Start importing Assets/Sprites/Daco_4461229.png using Guid(56585f18d64eb394090ffaf2a9548eaa) Importer(815301076,1909f56bfc062723c751e8b465ee728b)  -> (artifact id: '6d92062906f932e8869d93b8570dfe5a') in 0.948673 seconds 
  Import took 2.585249 seconds .

========================================================================
Received Prepare
Registering precompiled user dll's ...
Registered in 0.183829 seconds.
Begin MonoManager ReloadAssembly
Native extension for WindowsStandalone target not found
Refreshing native plugins compatible for Editor in 1.39 ms, found 3 plugins.
Preloading 0 native plugins for Editor in 0.00 ms.
Mono: successfully reloaded assembly
- Completed reload, in 115.801 seconds
Domain Reload Profiling:
	ReloadAssembly (115802ms)
		BeginReloadAssembly (313ms)
			ExecutionOrderSort (0ms)
			DisableScriptedObjects (19ms)
			BackupInstance (0ms)
			ReleaseScriptingObjects (0ms)
			CreateAndSetChildDomain (87ms)
		EndReloadAssembly (115308ms)
			LoadAssemblies (294ms)
			RebuildTransferFunctionScriptingTraits (0ms)
			SetupTypeCache (841ms)
			ReleaseScriptCaches (3ms)
			RebuildScriptCaches (124ms)
			SetupLoadedEditorAssemblies (113777ms)
				LogAssemblyErrors (0ms)
				InitializePlatformSupportModulesInManaged (10ms)
				SetLoadedEditorAssemblies (1ms)
				RefreshPlugins (2ms)
				BeforeProcessingInitializeOnLoad (155ms)
				ProcessInitializeOnLoadAttributes (113577ms)
				ProcessInitializeOnLoadMethodAttributes (15ms)
				AfterProcessingInitializeOnLoad (18ms)
				EditorAssembliesLoaded (0ms)
			ExecutionOrderSort2 (0ms)
			AwakeInstancesAfterBackupRestoration (24ms)
Platform modules already initialized, skipping
Refreshing native plugins compatible for Editor in 0.83 ms, found 3 plugins.
Preloading 0 native plugins for Editor in 0.00 ms.
Unloading 2081 Unused Serialized files (Serialized files now loaded: 0)
System memory in use before: 95.8 MB.
System memory in use after: 96.0 MB.

Unloading 16 unused Assets to reduce memory usage. Loaded Objects now: 2719.
Total: 5.255300 ms (FindLiveObjects: 1.053400 ms CreateObjectMapping: 0.202300 ms MarkObjects: 3.969900 ms  DeleteObjects: 0.027000 ms)

AssetImportParameters requested are different than current active one (requested -> active):
  custom:framework-win-MediaFoundation: 216162199b28c13a410421893ffa2e32 -> 
  custom:video-decoder-ogg-theora: a1e56fd34408186e4bbccfd4996cb3dc -> 
  custom:container-muxer-webm: aa71ff27fc2769a1b78a27578f13a17b -> 
  custom:container-demuxer-webm: 4f35f7cbe854078d1ac9338744f61a02 -> 
  custom:container-demuxer-ogg: 62fdf1f143b41e24485cea50d1cbac27 -> 
  custom:video-encoder-webm-vp8: eb34c28f22e8b96e1ab97ce403110664 -> 
  custom:video-decoder-webm-vp8: 9c59270c3fd7afecdb556c50c9e8de78 -> 
  custom:audio-decoder-ogg-vorbis: bf7c407c2cedff20999df2af8eb42d56 -> 
  custom:audio-encoder-webm-vorbis: bf7c407c2cedff20999df2af8eb42d56 -> 
========================================================================
Received Import Request.
  Time since last request: 661.808109 seconds.
  path: Assets/Animation/Daco_4461229_7.controller
  artifactKey: Guid(92f9b6128d3f6f14fb185fb932319d3a) Importer(815301076,1909f56bfc062723c751e8b465ee728b)
Start importing Assets/Animation/Daco_4461229_7.controller using Guid(92f9b6128d3f6f14fb185fb932319d3a) Importer(815301076,1909f56bfc062723c751e8b465ee728b)  -> (artifact id: '1893eac5c046bebdc009f40210fedde3') in 1.490259 seconds 
  Import took 1.504984 seconds .

========================================================================
Received Import Request.
  Time since last request: 16.441087 seconds.
  path: Assets/Animation/New Animation.anim
  artifactKey: Guid(7b2aba8068d540448bc53a5cf1466e49) Importer(815301076,1909f56bfc062723c751e8b465ee728b)
Start importing Assets/Animation/New Animation.anim using Guid(7b2aba8068d540448bc53a5cf1466e49) Importer(815301076,1909f56bfc062723c751e8b465ee728b)  -> (artifact id: 'af6f08080cab7ee26fc27bfb67cf691f') in 0.007662 seconds 
  Import took 0.021141 seconds .

========================================================================
Received Prepare
Registering precompiled user dll's ...
Registered in 0.333546 seconds.
Begin MonoManager ReloadAssembly
Native extension for WindowsStandalone target not found
Refreshing native plugins compatible for Editor in 0.73 ms, found 3 plugins.
Preloading 0 native plugins for Editor in 0.00 ms.
Mono: successfully reloaded assembly
- Completed reload, in 123.637 seconds
Domain Reload Profiling:
	ReloadAssembly (123637ms)
		BeginReloadAssembly (302ms)
			ExecutionOrderSort (0ms)
			DisableScriptedObjects (16ms)
			BackupInstance (0ms)
			ReleaseScriptingObjects (0ms)
			CreateAndSetChildDomain (97ms)
		EndReloadAssembly (123158ms)
			LoadAssemblies (231ms)
			RebuildTransferFunctionScriptingTraits (0ms)
			SetupTypeCache (3202ms)
			ReleaseScriptCaches (2ms)
			RebuildScriptCaches (127ms)
			SetupLoadedEditorAssemblies (119346ms)
				LogAssemblyErrors (0ms)
				InitializePlatformSupportModulesInManaged (15ms)
				SetLoadedEditorAssemblies (1ms)
				RefreshPlugins (1ms)
				BeforeProcessingInitializeOnLoad (153ms)
				ProcessInitializeOnLoadAttributes (119138ms)
				ProcessInitializeOnLoadMethodAttributes (21ms)
				AfterProcessingInitializeOnLoad (18ms)
				EditorAssembliesLoaded (0ms)
			ExecutionOrderSort2 (0ms)
			AwakeInstancesAfterBackupRestoration (19ms)
Platform modules already initialized, skipping
Refreshing native plugins compatible for Editor in 1.42 ms, found 3 plugins.
Preloading 0 native plugins for Editor in 0.00 ms.
Unloading 2081 Unused Serialized files (Serialized files now loaded: 0)
System memory in use before: 95.9 MB.
System memory in use after: 96.1 MB.

Unloading 16 unused Assets to reduce memory usage. Loaded Objects now: 2722.
Total: 7.020700 ms (FindLiveObjects: 1.373900 ms CreateObjectMapping: 0.325300 ms MarkObjects: 5.286600 ms  DeleteObjects: 0.030500 ms)

AssetImportParameters requested are different than current active one (requested -> active):
  custom:framework-win-MediaFoundation: 216162199b28c13a410421893ffa2e32 -> 
  custom:video-decoder-ogg-theora: a1e56fd34408186e4bbccfd4996cb3dc -> 
  custom:container-muxer-webm: aa71ff27fc2769a1b78a27578f13a17b -> 
  custom:container-demuxer-webm: 4f35f7cbe854078d1ac9338744f61a02 -> 
  custom:container-demuxer-ogg: 62fdf1f143b41e24485cea50d1cbac27 -> 
  custom:video-encoder-webm-vp8: eb34c28f22e8b96e1ab97ce403110664 -> 
  custom:video-decoder-webm-vp8: 9c59270c3fd7afecdb556c50c9e8de78 -> 
  custom:audio-decoder-ogg-vorbis: bf7c407c2cedff20999df2af8eb42d56 -> 
  custom:audio-encoder-webm-vorbis: bf7c407c2cedff20999df2af8eb42d56 -> 
========================================================================
Received Prepare
Registering precompiled user dll's ...
Registered in 0.013249 seconds.
Begin MonoManager ReloadAssembly
Native extension for WindowsStandalone target not found
Refreshing native plugins compatible for Editor in 1.29 ms, found 3 plugins.
Preloading 0 native plugins for Editor in 0.00 ms.
Mono: successfully reloaded assembly
- Completed reload, in 166.020 seconds
Domain Reload Profiling:
	ReloadAssembly (166022ms)
		BeginReloadAssembly (247ms)
			ExecutionOrderSort (0ms)
			DisableScriptedObjects (18ms)
			BackupInstance (0ms)
			ReleaseScriptingObjects (0ms)
			CreateAndSetChildDomain (70ms)
		EndReloadAssembly (165600ms)
			LoadAssemblies (218ms)
			RebuildTransferFunctionScriptingTraits (0ms)
			SetupTypeCache (4549ms)
			ReleaseScriptCaches (100ms)
			RebuildScriptCaches (1502ms)
			SetupLoadedEditorAssemblies (154911ms)
				LogAssemblyErrors (0ms)
				InitializePlatformSupportModulesInManaged (242ms)
				SetLoadedEditorAssemblies (37ms)
				RefreshPlugins (1ms)
				BeforeProcessingInitializeOnLoad (2551ms)
				ProcessInitializeOnLoadAttributes (152036ms)
				ProcessInitializeOnLoadMethodAttributes (15ms)
				AfterProcessingInitializeOnLoad (27ms)
				EditorAssembliesLoaded (1ms)
			ExecutionOrderSort2 (0ms)
			AwakeInstancesAfterBackupRestoration (21ms)
Platform modules already initialized, skipping
Refreshing native plugins compatible for Editor in 1.07 ms, found 3 plugins.
Preloading 0 native plugins for Editor in 0.00 ms.
Unloading 2081 Unused Serialized files (Serialized files now loaded: 0)
System memory in use before: 95.9 MB.
System memory in use after: 96.1 MB.

Unloading 16 unused Assets to reduce memory usage. Loaded Objects now: 2725.
Total: 6.293400 ms (FindLiveObjects: 0.482500 ms CreateObjectMapping: 0.170300 ms MarkObjects: 5.601200 ms  DeleteObjects: 0.036800 ms)

AssetImportParameters requested are different than current active one (requested -> active):
  custom:framework-win-MediaFoundation: 216162199b28c13a410421893ffa2e32 -> 
  custom:video-decoder-ogg-theora: a1e56fd34408186e4bbccfd4996cb3dc -> 
  custom:container-muxer-webm: aa71ff27fc2769a1b78a27578f13a17b -> 
  custom:container-demuxer-webm: 4f35f7cbe854078d1ac9338744f61a02 -> 
  custom:container-demuxer-ogg: 62fdf1f143b41e24485cea50d1cbac27 -> 
  custom:video-encoder-webm-vp8: eb34c28f22e8b96e1ab97ce403110664 -> 
  custom:video-decoder-webm-vp8: 9c59270c3fd7afecdb556c50c9e8de78 -> 
  custom:audio-decoder-ogg-vorbis: bf7c407c2cedff20999df2af8eb42d56 -> 
  custom:audio-encoder-webm-vorbis: bf7c407c2cedff20999df2af8eb42d56 -> 
========================================================================
Received Import Request.
  Time since last request: 741.724299 seconds.
  path: Assets/Animation/Daco_4461229_9.controller
  artifactKey: Guid(057117112346ccc4992edfe5aa732a85) Importer(815301076,1909f56bfc062723c751e8b465ee728b)
Start importing Assets/Animation/Daco_4461229_9.controller using Guid(057117112346ccc4992edfe5aa732a85) Importer(815301076,1909f56bfc062723c751e8b465ee728b)  -> (artifact id: '4e325fc32ff4e84e16ce6cc79b5a6939') in 0.039157 seconds 
  Import took 0.046629 seconds .

========================================================================
Received Import Request.
  Time since last request: 23.361905 seconds.
  path: Assets/Animation/Idle.anim
  artifactKey: Guid(d79f1f2764b7b0f4490913f34b2d276a) Importer(815301076,1909f56bfc062723c751e8b465ee728b)
Start importing Assets/Animation/Idle.anim using Guid(d79f1f2764b7b0f4490913f34b2d276a) Importer(815301076,1909f56bfc062723c751e8b465ee728b)  -> (artifact id: '1d831783a97ef9dee2e0fa5fd9cd196b') in 0.600070 seconds 
  Import took 0.625579 seconds .

========================================================================
Received Import Request.
  Time since last request: 0.708110 seconds.
  path: Assets/Animation/Run.anim
  artifactKey: Guid(394818217decb154ea5a38bc746793dc) Importer(815301076,1909f56bfc062723c751e8b465ee728b)
Start importing Assets/Animation/Run.anim using Guid(394818217decb154ea5a38bc746793dc) Importer(815301076,1909f56bfc062723c751e8b465ee728b)  -> (artifact id: '7d804e0cc838f8264988320d7e496689') in 0.091102 seconds 
  Import took 0.190687 seconds .

========================================================================
Received Import Request.
  Time since last request: 39.318769 seconds.
  path: Assets/Animation/Daco_4461229_8.controller
  artifactKey: Guid(59a138fc44c70e74695b46fb5b247169) Importer(815301076,1909f56bfc062723c751e8b465ee728b)
Start importing Assets/Animation/Daco_4461229_8.controller using Guid(59a138fc44c70e74695b46fb5b247169) Importer(815301076,1909f56bfc062723c751e8b465ee728b)  -> (artifact id: '88e15e76a33bd4f8532e6f4d48d6518c') in 3.250731 seconds 
  Import took 3.548450 seconds .

========================================================================
Received Import Request.
  Time since last request: 90.130559 seconds.
  path: Assets/Animation/Animator.controller
  artifactKey: Guid(59a138fc44c70e74695b46fb5b247169) Importer(815301076,1909f56bfc062723c751e8b465ee728b)
Start importing Assets/Animation/Animator.controller using Guid(59a138fc44c70e74695b46fb5b247169) Importer(815301076,1909f56bfc062723c751e8b465ee728b)  -> (artifact id: 'c3bb41b5d5821d1c9e94a5554e6fdd69') in 0.025923 seconds 
  Import took 0.069307 seconds .

========================================================================
Received Import Request.
  Time since last request: 205.786600 seconds.
  path: Assets/Animation/Daco_4461229_8 (1).controller
  artifactKey: Guid(f689cbb5e8247b34ab9544fae3f75428) Importer(815301076,1909f56bfc062723c751e8b465ee728b)
Start importing Assets/Animation/Daco_4461229_8 (1).controller using Guid(f689cbb5e8247b34ab9544fae3f75428) Importer(815301076,1909f56bfc062723c751e8b465ee728b)  -> (artifact id: '1f289ffa11a9812835556a9b211ee448') in 0.017387 seconds 
  Import took 0.052180 seconds .

========================================================================
Received Import Request.
  Time since last request: 0.564110 seconds.
  path: Assets/Animation/Daco_4461229_29.controller
  artifactKey: Guid(d07b47839bc69ec46abb86cf5b05084f) Importer(815301076,1909f56bfc062723c751e8b465ee728b)
Start importing Assets/Animation/Daco_4461229_29.controller using Guid(d07b47839bc69ec46abb86cf5b05084f) Importer(815301076,1909f56bfc062723c751e8b465ee728b)  -> (artifact id: 'cb0aa1b2a81de2c1054f583fe4afd770') in 0.022336 seconds 
  Import took 0.039917 seconds .

========================================================================
Received Import Request.
  Time since last request: 0.341842 seconds.
  path: Assets/Animation/Daco_4461229_84.controller
  artifactKey: Guid(fff005a9ac62e2f4ab92e441e2560542) Importer(815301076,1909f56bfc062723c751e8b465ee728b)
Start importing Assets/Animation/Daco_4461229_84.controller using Guid(fff005a9ac62e2f4ab92e441e2560542) Importer(815301076,1909f56bfc062723c751e8b465ee728b)  -> (artifact id: '6f0abd1d95b2c16b02be1ee1404c5901') in 0.015718 seconds 
  Import took 0.030374 seconds .

========================================================================
Received Prepare
Registering precompiled user dll's ...
Registered in 0.029819 seconds.
Begin MonoManager ReloadAssembly
Native extension for WindowsStandalone target not found
Refreshing native plugins compatible for Editor in 0.61 ms, found 3 plugins.
Preloading 0 native plugins for Editor in 0.00 ms.
Mono: successfully reloaded assembly
- Completed reload, in 11.749 seconds
Domain Reload Profiling:
	ReloadAssembly (11751ms)
		BeginReloadAssembly (390ms)
			ExecutionOrderSort (0ms)
			DisableScriptedObjects (26ms)
			BackupInstance (0ms)
			ReleaseScriptingObjects (0ms)
			CreateAndSetChildDomain (123ms)
		EndReloadAssembly (11025ms)
			LoadAssemblies (564ms)
			RebuildTransferFunctionScriptingTraits (0ms)
			SetupTypeCache (878ms)
			ReleaseScriptCaches (1ms)
			RebuildScriptCaches (136ms)
			SetupLoadedEditorAssemblies (8529ms)
				LogAssemblyErrors (0ms)
				InitializePlatformSupportModulesInManaged (10ms)
				SetLoadedEditorAssemblies (1ms)
				RefreshPlugins (1ms)
				BeforeProcessingInitializeOnLoad (160ms)
				ProcessInitializeOnLoadAttributes (8121ms)
				ProcessInitializeOnLoadMethodAttributes (71ms)
				AfterProcessingInitializeOnLoad (165ms)
				EditorAssembliesLoaded (1ms)
			ExecutionOrderSort2 (0ms)
			AwakeInstancesAfterBackupRestoration (381ms)
Platform modules already initialized, skipping
Refreshing native plugins compatible for Editor in 11.71 ms, found 3 plugins.
Preloading 0 native plugins for Editor in 0.00 ms.
Unloading 2081 Unused Serialized files (Serialized files now loaded: 0)
System memory in use before: 95.9 MB.
System memory in use after: 96.2 MB.

Unloading 16 unused Assets to reduce memory usage. Loaded Objects now: 2728.
Total: 28.292200 ms (FindLiveObjects: 0.556800 ms CreateObjectMapping: 0.271200 ms MarkObjects: 27.409100 ms  DeleteObjects: 0.052000 ms)

AssetImportParameters requested are different than current active one (requested -> active):
  custom:framework-win-MediaFoundation: 216162199b28c13a410421893ffa2e32 -> 
  custom:video-decoder-ogg-theora: a1e56fd34408186e4bbccfd4996cb3dc -> 
  custom:container-muxer-webm: aa71ff27fc2769a1b78a27578f13a17b -> 
  custom:container-demuxer-webm: 4f35f7cbe854078d1ac9338744f61a02 -> 
  custom:container-demuxer-ogg: 62fdf1f143b41e24485cea50d1cbac27 -> 
  custom:video-encoder-webm-vp8: eb34c28f22e8b96e1ab97ce403110664 -> 
  custom:video-decoder-webm-vp8: 9c59270c3fd7afecdb556c50c9e8de78 -> 
  custom:audio-decoder-ogg-vorbis: bf7c407c2cedff20999df2af8eb42d56 -> 
  custom:audio-encoder-webm-vorbis: bf7c407c2cedff20999df2af8eb42d56 -> 
========================================================================
Received Prepare
Registering precompiled user dll's ...
Registered in 0.011954 seconds.
Begin MonoManager ReloadAssembly
Native extension for WindowsStandalone target not found
Refreshing native plugins compatible for Editor in 0.88 ms, found 3 plugins.
Preloading 0 native plugins for Editor in 0.00 ms.
Mono: successfully reloaded assembly
- Completed reload, in  4.391 seconds
Domain Reload Profiling:
	ReloadAssembly (4393ms)
		BeginReloadAssembly (323ms)
			ExecutionOrderSort (0ms)
			DisableScriptedObjects (17ms)
			BackupInstance (0ms)
			ReleaseScriptingObjects (0ms)
			CreateAndSetChildDomain (95ms)
		EndReloadAssembly (3823ms)
			LoadAssemblies (312ms)
			RebuildTransferFunctionScriptingTraits (0ms)
			SetupTypeCache (1169ms)
			ReleaseScriptCaches (1ms)
			RebuildScriptCaches (146ms)
			SetupLoadedEditorAssemblies (1794ms)
				LogAssemblyErrors (0ms)
				InitializePlatformSupportModulesInManaged (13ms)
				SetLoadedEditorAssemblies (1ms)
				RefreshPlugins (1ms)
				BeforeProcessingInitializeOnLoad (189ms)
				ProcessInitializeOnLoadAttributes (1532ms)
				ProcessInitializeOnLoadMethodAttributes (25ms)
				AfterProcessingInitializeOnLoad (33ms)
				EditorAssembliesLoaded (0ms)
			ExecutionOrderSort2 (0ms)
			AwakeInstancesAfterBackupRestoration (21ms)
Platform modules already initialized, skipping
Refreshing native plugins compatible for Editor in 1.03 ms, found 3 plugins.
Preloading 0 native plugins for Editor in 0.00 ms.
Unloading 2081 Unused Serialized files (Serialized files now loaded: 0)
System memory in use before: 96.0 MB.
System memory in use after: 96.2 MB.

Unloading 16 unused Assets to reduce memory usage. Loaded Objects now: 2731.
Total: 17.740400 ms (FindLiveObjects: 0.940600 ms CreateObjectMapping: 0.621300 ms MarkObjects: 16.142100 ms  DeleteObjects: 0.034000 ms)

AssetImportParameters requested are different than current active one (requested -> active):
  custom:framework-win-MediaFoundation: 216162199b28c13a410421893ffa2e32 -> 
  custom:video-decoder-ogg-theora: a1e56fd34408186e4bbccfd4996cb3dc -> 
  custom:container-muxer-webm: aa71ff27fc2769a1b78a27578f13a17b -> 
  custom:container-demuxer-webm: 4f35f7cbe854078d1ac9338744f61a02 -> 
  custom:container-demuxer-ogg: 62fdf1f143b41e24485cea50d1cbac27 -> 
  custom:video-encoder-webm-vp8: eb34c28f22e8b96e1ab97ce403110664 -> 
  custom:video-decoder-webm-vp8: 9c59270c3fd7afecdb556c50c9e8de78 -> 
  custom:audio-decoder-ogg-vorbis: bf7c407c2cedff20999df2af8eb42d56 -> 
  custom:audio-encoder-webm-vorbis: bf7c407c2cedff20999df2af8eb42d56 -> 
AssetImportWorkerClient::OnTransportError - code=2 error=End of file
